<?xml version="1.0" encoding="UTF-8"?>
<!-- Generated by org.testng.reporters.JUnitXMLReporter -->
<testsuite hostname="Kabir" name="Validate title" tests="1" failures="1" timestamp="14 Dec 2017 05:36:05 GMT" time="18.622" errors="0">
  <testcase name="validatetitle" time="0.121" classname="udemy.project.ValidateTitle">
    <failure type="java.lang.AssertionError" message="expected [FEATURED COURSE] but found [FEATURED COURSES]">
      <![CDATA[java.lang.AssertionError: expected [FEATURED COURSE] but found [FEATURED COURSES]
	at udemy.project.ValidateTitle.validatetitle(ValidateTitle.java:30)
... Removed 29 stack frames]]>
    </failure>
  </testcase> <!-- validatetitle -->
</testsuite> <!-- Validate title -->
